/bin/sh: 1: /usr/bin/pwsh: not found
/bin/sh: 1: /usr/bin/pwsh: not found
/bin/sh: 1: /usr/bin/pwsh: not found
/bin/sh: 1: /usr/bin/pwsh: not found
/bin/sh: 1: /usr/bin/pwsh: not found
/bin/sh: 1: /usr/bin/pwsh: not found
/bin/sh: 1: /usr/bin/pwsh: not found
/bin/sh: 1: /usr/bin/pwsh: not found
/bin/sh: 1: /usr/bin/pwsh: not found
/bin/sh: 1: /usr/bin/pwsh: not found
/bin/sh: 1: /usr/bin/pwsh: not found
/bin/sh: 1: /usr/bin/pwsh: not found
/bin/sh: 1: /usr/bin/pwsh: not found
/bin/sh: 1: /usr/bin/pwsh: not found
/bin/sh: 1: /usr/bin/pwsh: not found
/bin/sh: 1: /usr/bin/pwsh: not found
/bin/sh: 1: /usr/bin/pwsh: not found
/bin/sh: 1: /usr/bin/pwsh: not found
/bin/sh: 1: /usr/bin/pwsh: not found
/bin/sh: 1: /usr/bin/pwsh: not found
/bin/sh: 1: /usr/bin/pwsh: not found
/bin/sh: 1: /usr/bin/pwsh: not found
/bin/sh: 1: /usr/bin/pwsh: not found
/bin/sh: 1: /usr/bin/pwsh: not found
/bin/sh: 1: /usr/bin/pwsh: not found
/bin/sh: 1: /usr/bin/pwsh: not found
/bin/sh: 1: /usr/bin/pwsh: not found
/bin/sh: 1: /usr/bin/pwsh: not found
/bin/sh: 1: /usr/bin/pwsh: not found
/bin/sh: 1: /usr/bin/pwsh: not found
/bin/sh: 1: /usr/bin/pwsh: not found
/bin/sh: 1: /usr/bin/pwsh: not found
/bin/sh: 1: /usr/bin/pwsh: not found
/bin/sh: 1: /usr/bin/pwsh: not found
/bin/sh: 1: /usr/bin/pwsh: not found
/bin/sh: 1: /usr/bin/pwsh: not found
/bin/sh: 1: /usr/bin/pwsh: not found
/bin/sh: 1: /usr/bin/pwsh: not found
/bin/sh: 1: /usr/bin/pwsh: not found
/bin/sh: 1: /usr/bin/pwsh: not found
/bin/sh: 1: /usr/bin/pwsh: not found
/bin/sh: 1: /usr/bin/pwsh: not found
/bin/sh: 1: /usr/bin/pwsh: not found
/bin/sh: 1: /usr/bin/pwsh: not found
/bin/sh: 1: /usr/bin/pwsh: not found
/bin/sh: 1: /usr/bin/pwsh: not found
/bin/sh: 1: /usr/bin/pwsh: not found
/bin/sh: 1: /usr/bin/pwsh: not found
/bin/sh: 1: /usr/bin/pwsh: not found
/bin/sh: 1: /usr/bin/pwsh: not found
/bin/sh: 1: /usr/bin/pwsh: not found
/bin/sh: 1: /usr/bin/pwsh: not found
/bin/sh: 1: /usr/bin/pwsh: not found
/bin/sh: 1: /usr/bin/pwsh: not found
/bin/sh: 1: /usr/bin/pwsh: not found
/bin/sh: 1: /usr/bin/pwsh: not found
/bin/sh: 1: /usr/bin/pwsh: not found
/bin/sh: 1: /usr/bin/pwsh: not found
/bin/sh: 1: /usr/bin/pwsh: not found
/bin/sh: 1: /usr/bin/pwsh: not found
/bin/sh: 1: /usr/bin/pwsh: not found
/bin/sh: 1: /usr/bin/pwsh: not found
/bin/sh: 1: /usr/bin/pwsh: not found
/bin/sh: 1: /usr/bin/pwsh: not found
/bin/sh: 1: /usr/bin/pwsh: not found
/bin/sh: 1: /usr/bin/pwsh: not found
/bin/sh: 1: /usr/bin/pwsh: not found
/bin/sh: 1: /usr/bin/pwsh: not found
/bin/sh: 1: /usr/bin/pwsh: not found
/bin/sh: 1: /usr/bin/pwsh: not found
/bin/sh: 1: /usr/bin/pwsh: not found
/bin/sh: 1: /usr/bin/pwsh: not found
/bin/sh: 1: /usr/bin/pwsh: not found
/bin/sh: 1: /usr/bin/pwsh: not found
/bin/sh: 1: /usr/bin/pwsh: not found
/bin/sh: 1: /usr/bin/pwsh: not found
/bin/sh: 1: /usr/bin/pwsh: not found
/bin/sh: 1: /usr/bin/pwsh: not found
/bin/sh: 1: /usr/bin/pwsh: not found
/bin/sh: 1: /usr/bin/pwsh: not found
/bin/sh: 1: /usr/bin/pwsh: not found
/bin/sh: 1: /usr/bin/pwsh: not found
/bin/sh: 1: /usr/bin/pwsh: not found
/bin/sh: 1: /usr/bin/pwsh: not found
/bin/sh: 1: /usr/bin/pwsh: not found
/bin/sh: 1: /usr/bin/pwsh: not found
/bin/sh: 1: /usr/bin/pwsh: not found
/bin/sh: 1: /usr/bin/pwsh: not found
/bin/sh: 1: /usr/bin/pwsh: not found
/bin/sh: 1: /usr/bin/pwsh: not found
/bin/sh: 1: /usr/bin/pwsh: not found
/bin/sh: 1: /usr/bin/pwsh: not found
/bin/sh: 1: /usr/bin/pwsh: not found
/bin/sh: 1: /usr/bin/pwsh: not found
/bin/sh: 1: /usr/bin/pwsh: not found
/bin/sh: 1: /usr/bin/pwsh: not found
/bin/sh: 1: /usr/bin/pwsh: not found
/bin/sh: 1: /usr/bin/pwsh: not found
/bin/sh: 1: /usr/bin/pwsh: not found
/bin/sh: 1: /usr/bin/pwsh: not found
/bin/sh: 1: /usr/bin/pwsh: not found
/bin/sh: 1: /usr/bin/pwsh: not found
/bin/sh: 1: /usr/bin/pwsh: not found
/bin/sh: 1: /usr/bin/pwsh: not found
/bin/sh: 1: /usr/bin/pwsh: not found
/bin/sh: 1: /usr/bin/pwsh: not found
/bin/sh: 1: /usr/bin/pwsh: not found
/bin/sh: 1: /usr/bin/pwsh: not found
/bin/sh: 1: /usr/bin/pwsh: not found
/bin/sh: 1: /usr/bin/pwsh: not found
/bin/sh: 1: /usr/bin/pwsh: not found
/bin/sh: 1: /usr/bin/pwsh: not found
/bin/sh: 1: /usr/bin/pwsh: not found
/bin/sh: 1: /usr/bin/pwsh: not found
/bin/sh: 1: /usr/bin/pwsh: not found
/bin/sh: 1: /usr/bin/pwsh: not found
/bin/sh: 1: /usr/bin/pwsh: not found
/bin/sh: 1: /usr/bin/pwsh: not found
/bin/sh: 1: /usr/bin/pwsh: not found
/bin/sh: 1: /usr/bin/pwsh: not found
/bin/sh: 1: /usr/bin/pwsh: not found
/bin/sh: 1: /usr/bin/pwsh: not found
/bin/sh: 1: /usr/bin/pwsh: not found
/bin/sh: 1: /usr/bin/pwsh: not found
/bin/sh: 1: /usr/bin/pwsh: not found
/bin/sh: 1: /usr/bin/pwsh: not found
/bin/sh: 1: /usr/bin/pwsh: not found
/bin/sh: 1: /usr/bin/pwsh: not found
/bin/sh: 1: /usr/bin/pwsh: not found
/bin/sh: 1: /usr/bin/pwsh: not found
/bin/sh: 1: /usr/bin/pwsh: not found
/bin/sh: 1: /usr/bin/pwsh: not found
/bin/sh: 1: /usr/bin/pwsh: not found
/bin/sh: 1: /usr/bin/pwsh: not found
/bin/sh: 1: /usr/bin/pwsh: not found
/bin/sh: 1: /usr/bin/pwsh: not found
/bin/sh: 1: /usr/bin/pwsh: not found
/bin/sh: 1: /usr/bin/pwsh: not found
/bin/sh: 1: /usr/bin/pwsh: not found
/bin/sh: 1: /usr/bin/pwsh: not found
/bin/sh: 1: /usr/bin/pwsh: not found
/bin/sh: 1: /usr/bin/pwsh: not found
/bin/sh: 1: /usr/bin/pwsh: not found
/bin/sh: 1: /usr/bin/pwsh: not found
/bin/sh: 1: /usr/bin/pwsh: not found
/bin/sh: 1: /usr/bin/pwsh: not found
/bin/sh: 1: /usr/bin/pwsh: not found
/bin/sh: 1: /usr/bin/pwsh: not found
/bin/sh: 1: /usr/bin/pwsh: not found
/bin/sh: 1: /usr/bin/pwsh: not found
/bin/sh: 1: /usr/bin/pwsh: not found
/bin/sh: 1: /usr/bin/pwsh: not found
/bin/sh: 1: /usr/bin/pwsh: not found
/bin/sh: 1: /usr/bin/pwsh: not found
/bin/sh: 1: /usr/bin/pwsh: not found
/bin/sh: 1: /usr/bin/pwsh: not found
/bin/sh: 1: /usr/bin/pwsh: not found
/bin/sh: 1: /usr/bin/pwsh: not found
/bin/sh: 1: /usr/bin/pwsh: not found
/bin/sh: 1: /usr/bin/pwsh: not found
/bin/sh: 1: /usr/bin/pwsh: not found
/bin/sh: 1: /usr/bin/pwsh: not found
/bin/sh: 1: /usr/bin/pwsh: not found
/bin/sh: 1: /usr/bin/pwsh: not found
/bin/sh: 1: /usr/bin/pwsh: not found
/bin/sh: 1: /usr/bin/pwsh: not found
/bin/sh: 1: /usr/bin/pwsh: not found
/bin/sh: 1: /usr/bin/pwsh: not found
/bin/sh: 1: /usr/bin/pwsh: not found
/bin/sh: 1: /usr/bin/pwsh: not found
/bin/sh: 1: /usr/bin/pwsh: not found
/bin/sh: 1: /usr/bin/pwsh: not found
/bin/sh: 1: /usr/bin/pwsh: not found
/bin/sh: 1: /usr/bin/pwsh: not found
/bin/sh: 1: /usr/bin/pwsh: not found
/bin/sh: 1: /usr/bin/pwsh: not found
/bin/sh: 1: /usr/bin/pwsh: not found
/bin/sh: 1: /usr/bin/pwsh: not found
/bin/sh: 1: /usr/bin/pwsh: not found
/bin/sh: 1: /usr/bin/pwsh: not found
/bin/sh: 1: /usr/bin/pwsh: not found
/bin/sh: 1: /usr/bin/pwsh: not found
/bin/sh: 1: /usr/bin/pwsh: not found
/bin/sh: 1: /usr/bin/pwsh: not found
/bin/sh: 1: /usr/bin/pwsh: not found
/bin/sh: 1: /usr/bin/pwsh: not found
/bin/sh: 1: /usr/bin/pwsh: not found
/bin/sh: 1: /usr/bin/pwsh: not found
/bin/sh: 1: /usr/bin/pwsh: not found
/bin/sh: 1: /usr/bin/pwsh: not found
/bin/sh: 1: /usr/bin/pwsh: not found
/bin/sh: 1: /usr/bin/pwsh: not found
/bin/sh: 1: /usr/bin/pwsh: not found
/bin/sh: 1: /usr/bin/pwsh: not found
/bin/sh: 1: /usr/bin/pwsh: not found
/bin/sh: 1: /usr/bin/pwsh: not found
/bin/sh: 1: /usr/bin/pwsh: not found
/bin/sh: 1: /usr/bin/pwsh: not found
/bin/sh: 1: /usr/bin/pwsh: not found
/bin/sh: 1: /usr/bin/pwsh: not found
/bin/sh: 1: /usr/bin/pwsh: not found
/bin/sh: 1: /usr/bin/pwsh: not found
/bin/sh: 1: /usr/bin/pwsh: not found
/bin/sh: 1: /usr/bin/pwsh: not found
/bin/sh: 1: /usr/bin/pwsh: not found
/bin/sh: 1: /usr/bin/pwsh: not found
/bin/sh: 1: /usr/bin/pwsh: not found
/bin/sh: 1: /usr/bin/pwsh: not found
/bin/sh: 1: /usr/bin/pwsh: not found
/bin/sh: 1: /usr/bin/pwsh: not found
/bin/sh: 1: /usr/bin/pwsh: not found
/bin/sh: 1: /usr/bin/pwsh: not found
/bin/sh: 1: /usr/bin/pwsh: not found
/bin/sh: 1: /usr/bin/pwsh: not found
/bin/sh: 1: /usr/bin/pwsh: not found
/bin/sh: 1: /usr/bin/pwsh: not found
/bin/sh: 1: /usr/bin/pwsh: not found
/bin/sh: 1: /usr/bin/pwsh: not found
/bin/sh: 1: /usr/bin/pwsh: not found
/bin/sh: 1: /usr/bin/pwsh: not found
/bin/sh: 1: /usr/bin/pwsh: not found
/bin/sh: 1: /usr/bin/pwsh: not found
/bin/sh: 1: /usr/bin/pwsh: not found
/bin/sh: 1: /usr/bin/pwsh: not found
/bin/sh: 1: /usr/bin/pwsh: not found
/bin/sh: 1: /usr/bin/pwsh: not found
/bin/sh: 1: /usr/bin/pwsh: not found
/bin/sh: 1: /usr/bin/pwsh: not found
/bin/sh: 1: /usr/bin/pwsh: not found
/bin/sh: 1: /usr/bin/pwsh: not found
/bin/sh: 1: /usr/bin/pwsh: not found
/bin/sh: 1: /usr/bin/pwsh: not found
/bin/sh: 1: /usr/bin/pwsh: not found
/bin/sh: 1: /usr/bin/pwsh: not found
/bin/sh: 1: /usr/bin/pwsh: not found
/bin/sh: 1: /usr/bin/pwsh: not found
/bin/sh: 1: /usr/bin/pwsh: not found
/bin/sh: 1: /usr/bin/pwsh: not found
/bin/sh: 1: /usr/bin/pwsh: not found
/bin/sh: 1: /usr/bin/pwsh: not found
/bin/sh: 1: /usr/bin/pwsh: not found
/bin/sh: 1: /usr/bin/pwsh: not found
/bin/sh: 1: /usr/bin/pwsh: not found
/bin/sh: 1: /usr/bin/pwsh: not found
/bin/sh: 1: /usr/bin/pwsh: not found
/bin/sh: 1: /usr/bin/pwsh: not found
/bin/sh: 1: /usr/bin/pwsh: not found
/bin/sh: 1: /usr/bin/pwsh: not found
/bin/sh: 1: /usr/bin/pwsh: not found
/bin/sh: 1: /usr/bin/pwsh: not found
/bin/sh: 1: /usr/bin/pwsh: not found
/bin/sh: 1: /usr/bin/pwsh: not found
/bin/sh: 1: /usr/bin/pwsh: not found
/bin/sh: 1: /usr/bin/pwsh: not found
/bin/sh: 1: /usr/bin/pwsh: not found
/bin/sh: 1: /usr/bin/pwsh: not found
/bin/sh: 1: /usr/bin/pwsh: not found
/bin/sh: 1: /usr/bin/pwsh: not found
/bin/sh: 1: /usr/bin/pwsh: not found
/bin/sh: 1: /usr/bin/pwsh: not found
/bin/sh: 1: /usr/bin/pwsh: not found
/bin/sh: 1: /usr/bin/pwsh: not found
[2025-09-09 16:10:01] [INFO] ==================== PROCESSOR START ====================
[2025-09-09 16:10:01] [INFO] WhatIf mode: False
[2025-09-09 16:10:01] [INFO] Connecting to SharePoint: https://saberrenewables.sharepoint.com/sites/SaberEPCPartners
[33;1mWARNING: Could not execute process. Command line: bash -c "cat /tmp/tmpx0T7c2.tmp | xsel -i --clipboard ".
Output: 

Error: xsel: Can't open display: (null)
: Inappropriate ioctl for device

[0m
[2025-09-09 16:10:03] [ERROR] Critical error: Unable to connect using provided arguments
[31;1mDisconnect-PnPOnline: [0m/home/marstack/saber_business_ops/scripts/process-epc.ps1:183[0m
[31;1m[0m[36;1mLine |[0m
[31;1m[0m[36;1m[36;1m 183 | [0m     [36;1mDisconnect-PnPOnline -ErrorAction SilentlyContinue[0m
[31;1m[0m[36;1m[36;1m[0m[36;1m[0m[36;1m     | [31;1m     ~~~~~~~~~~~~~~~~~~~~~~~~~~~~~~~~~~~~~~~~~~~~~~~~~~[0m
[31;1m[0m[36;1m[36;1m[0m[36;1m[0m[36;1m[31;1m[31;1m[36;1m     | [31;1mNo connection to disconnect[0m
[2025-09-09 16:10:03] [INFO] Disconnected from SharePoint
[2025-09-09 16:10:03] [INFO] ==================== PROCESSOR END ====================
[2025-09-09 16:15:01] [INFO] ==================== PROCESSOR START ====================
[2025-09-09 16:15:01] [INFO] WhatIf mode: False
[2025-09-09 16:15:01] [INFO] Connecting to SharePoint: https://saberrenewables.sharepoint.com/sites/SaberEPCPartners
[33;1mWARNING: Could not execute process. Command line: bash -c "cat /tmp/tmpGNL0Sr.tmp | xsel -i --clipboard ".
Output: 

Error: xsel: Can't open display: (null)
: Inappropriate ioctl for device

[0m
[2025-09-09 16:15:02] [ERROR] Critical error: Unable to connect using provided arguments
[31;1mDisconnect-PnPOnline: [0m/home/marstack/saber_business_ops/scripts/process-epc.ps1:183[0m
[31;1m[0m[36;1mLine |[0m
[31;1m[0m[36;1m[36;1m 183 | [0m     [36;1mDisconnect-PnPOnline -ErrorAction SilentlyContinue[0m
[31;1m[0m[36;1m[36;1m[0m[36;1m[0m[36;1m     | [31;1m     ~~~~~~~~~~~~~~~~~~~~~~~~~~~~~~~~~~~~~~~~~~~~~~~~~~[0m
[31;1m[0m[36;1m[36;1m[0m[36;1m[0m[36;1m[31;1m[31;1m[36;1m     | [31;1mNo connection to disconnect[0m
[2025-09-09 16:15:02] [INFO] Disconnected from SharePoint
[2025-09-09 16:15:02] [INFO] ==================== PROCESSOR END ====================
[2025-09-09 16:20:02] [INFO] ==================== PROCESSOR START ====================
[2025-09-09 16:20:02] [INFO] WhatIf mode: False
[2025-09-09 16:20:02] [INFO] Connecting to SharePoint: https://saberrenewables.sharepoint.com/sites/SaberEPCPartners
[33;1mWARNING: Could not execute process. Command line: bash -c "cat /tmp/tmppA0Kyt.tmp | xsel -i --clipboard ".
Output: 

Error: xsel: Can't open display: (null)
: Inappropriate ioctl for device

[0m
[2025-09-09 16:20:03] [ERROR] Critical error: Unable to connect using provided arguments
[31;1mDisconnect-PnPOnline: [0m/home/marstack/saber_business_ops/scripts/process-epc.ps1:183[0m
[31;1m[0m[36;1mLine |[0m
[31;1m[0m[36;1m[36;1m 183 | [0m     [36;1mDisconnect-PnPOnline -ErrorAction SilentlyContinue[0m
[31;1m[0m[36;1m[36;1m[0m[36;1m[0m[36;1m     | [31;1m     ~~~~~~~~~~~~~~~~~~~~~~~~~~~~~~~~~~~~~~~~~~~~~~~~~~[0m
[31;1m[0m[36;1m[36;1m[0m[36;1m[0m[36;1m[31;1m[31;1m[36;1m     | [31;1mNo connection to disconnect[0m
[2025-09-09 16:20:03] [INFO] Disconnected from SharePoint
[2025-09-09 16:20:03] [INFO] ==================== PROCESSOR END ====================
[2025-09-09 16:25:01] [INFO] ==================== PROCESSOR START ====================
[2025-09-09 16:25:01] [INFO] WhatIf mode: False
[2025-09-09 16:25:01] [INFO] Connecting to SharePoint: https://saberrenewables.sharepoint.com/sites/SaberEPCPartners
[33;1mWARNING: Could not execute process. Command line: bash -c "cat /tmp/tmpDDoAXO.tmp | xsel -i --clipboard ".
Output: 

Error: xsel: Can't open display: (null)
: Inappropriate ioctl for device

[0m
[2025-09-09 16:25:02] [ERROR] Critical error: Unable to connect using provided arguments
[31;1mDisconnect-PnPOnline: [0m/home/marstack/saber_business_ops/scripts/process-epc.ps1:183[0m
[31;1m[0m[36;1mLine |[0m
[31;1m[0m[36;1m[36;1m 183 | [0m     [36;1mDisconnect-PnPOnline -ErrorAction SilentlyContinue[0m
[31;1m[0m[36;1m[36;1m[0m[36;1m[0m[36;1m     | [31;1m     ~~~~~~~~~~~~~~~~~~~~~~~~~~~~~~~~~~~~~~~~~~~~~~~~~~[0m
[31;1m[0m[36;1m[36;1m[0m[36;1m[0m[36;1m[31;1m[31;1m[36;1m     | [31;1mNo connection to disconnect[0m
[2025-09-09 16:25:02] [INFO] Disconnected from SharePoint
[2025-09-09 16:25:02] [INFO] ==================== PROCESSOR END ====================
[2025-09-09 16:30:02] [INFO] ==================== PROCESSOR START ====================
[2025-09-09 16:30:02] [INFO] WhatIf mode: False
[2025-09-09 16:30:02] [INFO] Connecting to SharePoint: https://saberrenewables.sharepoint.com/sites/SaberEPCPartners
[33;1mWARNING: Could not execute process. Command line: bash -c "cat /tmp/tmpTy7pUb.tmp | xsel -i --clipboard ".
Output: 

Error: xsel: Can't open display: (null)
: Inappropriate ioctl for device
cat: write error: Broken pipe

[0m
[2025-09-09 16:30:03] [ERROR] Critical error: Unable to connect using provided arguments
[31;1mDisconnect-PnPOnline: [0m/home/marstack/saber_business_ops/scripts/process-epc.ps1:183[0m
[31;1m[0m[36;1mLine |[0m
[31;1m[0m[36;1m[36;1m 183 | [0m     [36;1mDisconnect-PnPOnline -ErrorAction SilentlyContinue[0m
[31;1m[0m[36;1m[36;1m[0m[36;1m[0m[36;1m     | [31;1m     ~~~~~~~~~~~~~~~~~~~~~~~~~~~~~~~~~~~~~~~~~~~~~~~~~~[0m
[31;1m[0m[36;1m[36;1m[0m[36;1m[0m[36;1m[31;1m[31;1m[36;1m     | [31;1mNo connection to disconnect[0m
[2025-09-09 16:30:03] [INFO] Disconnected from SharePoint
[2025-09-09 16:30:03] [INFO] ==================== PROCESSOR END ====================
[2025-09-09 16:35:01] [INFO] ==================== PROCESSOR START ====================
[2025-09-09 16:35:01] [INFO] WhatIf mode: False
[2025-09-09 16:35:01] [INFO] Connecting to SharePoint: https://saberrenewables.sharepoint.com/sites/SaberEPCPartners
[33;1mWARNING: Could not execute process. Command line: bash -c "cat /tmp/tmpGZmumI.tmp | xsel -i --clipboard ".
Output: 

Error: xsel: Can't open display: (null)
: Inappropriate ioctl for device

[0m
[2025-09-09 16:35:02] [ERROR] Critical error: Unable to connect using provided arguments
[31;1mDisconnect-PnPOnline: [0m/home/marstack/saber_business_ops/scripts/process-epc.ps1:183[0m
[31;1m[0m[36;1mLine |[0m
[31;1m[0m[36;1m[36;1m 183 | [0m     [36;1mDisconnect-PnPOnline -ErrorAction SilentlyContinue[0m
[31;1m[0m[36;1m[36;1m[0m[36;1m[0m[36;1m     | [31;1m     ~~~~~~~~~~~~~~~~~~~~~~~~~~~~~~~~~~~~~~~~~~~~~~~~~~[0m
[31;1m[0m[36;1m[36;1m[0m[36;1m[0m[36;1m[31;1m[31;1m[36;1m     | [31;1mNo connection to disconnect[0m
[2025-09-09 16:35:02] [INFO] Disconnected from SharePoint
[2025-09-09 16:35:02] [INFO] ==================== PROCESSOR END ====================
[2025-09-09 16:40:02] [INFO] ==================== PROCESSOR START ====================
[2025-09-09 16:40:02] [INFO] WhatIf mode: False
[2025-09-09 16:40:02] [INFO] Connecting to SharePoint: https://saberrenewables.sharepoint.com/sites/SaberEPCPartners
[33;1mWARNING: Could not execute process. Command line: bash -c "cat /tmp/tmp0YalKt.tmp | xsel -i --clipboard ".
Output: 

Error: xsel: Can't open display: (null)
: Inappropriate ioctl for device

[0m
[2025-09-09 16:40:03] [ERROR] Critical error: Unable to connect using provided arguments
[31;1mDisconnect-PnPOnline: [0m/home/marstack/saber_business_ops/scripts/process-epc.ps1:183[0m
[31;1m[0m[36;1mLine |[0m
[31;1m[0m[36;1m[36;1m 183 | [0m     [36;1mDisconnect-PnPOnline -ErrorAction SilentlyContinue[0m
[31;1m[0m[36;1m[36;1m[0m[36;1m[0m[36;1m     | [31;1m     ~~~~~~~~~~~~~~~~~~~~~~~~~~~~~~~~~~~~~~~~~~~~~~~~~~[0m
[31;1m[0m[36;1m[36;1m[0m[36;1m[0m[36;1m[31;1m[31;1m[36;1m     | [31;1mNo connection to disconnect[0m
[2025-09-09 16:40:03] [INFO] Disconnected from SharePoint
[2025-09-09 16:40:03] [INFO] ==================== PROCESSOR END ====================
[2025-09-09 16:45:01] [INFO] ==================== PROCESSOR START ====================
[2025-09-09 16:45:01] [INFO] WhatIf mode: False
[2025-09-09 16:45:01] [INFO] Connecting to SharePoint: https://saberrenewables.sharepoint.com/sites/SaberEPCPartners
[33;1mWARNING: Could not execute process. Command line: bash -c "cat /tmp/tmpbNuJmm.tmp | xsel -i --clipboard ".
Output: 

Error: xsel: Can't open display: (null)
: Inappropriate ioctl for device

[0m
[2025-09-09 16:45:02] [ERROR] Critical error: Unable to connect using provided arguments
[31;1mDisconnect-PnPOnline: [0m/home/marstack/saber_business_ops/scripts/process-epc.ps1:183[0m
[31;1m[0m[36;1mLine |[0m
[31;1m[0m[36;1m[36;1m 183 | [0m     [36;1mDisconnect-PnPOnline -ErrorAction SilentlyContinue[0m
[31;1m[0m[36;1m[36;1m[0m[36;1m[0m[36;1m     | [31;1m     ~~~~~~~~~~~~~~~~~~~~~~~~~~~~~~~~~~~~~~~~~~~~~~~~~~[0m
[31;1m[0m[36;1m[36;1m[0m[36;1m[0m[36;1m[31;1m[31;1m[36;1m     | [31;1mNo connection to disconnect[0m
[2025-09-09 16:45:02] [INFO] Disconnected from SharePoint
[2025-09-09 16:45:02] [INFO] ==================== PROCESSOR END ====================
[2025-09-09 16:50:02] [INFO] ==================== PROCESSOR START ====================
[2025-09-09 16:50:02] [INFO] WhatIf mode: False
[2025-09-09 16:50:02] [INFO] Connecting to SharePoint: https://saberrenewables.sharepoint.com/sites/SaberEPCPartners
[33;1mWARNING: Could not execute process. Command line: bash -c "cat /tmp/tmpLYbAbp.tmp | xsel -i --clipboard ".
Output: 

Error: xsel: Can't open display: (null)
: Inappropriate ioctl for device

[0m
[2025-09-09 16:50:03] [ERROR] Critical error: Unable to connect using provided arguments
[31;1mDisconnect-PnPOnline: [0m/home/marstack/saber_business_ops/scripts/process-epc.ps1:183[0m
[31;1m[0m[36;1mLine |[0m
[31;1m[0m[36;1m[36;1m 183 | [0m     [36;1mDisconnect-PnPOnline -ErrorAction SilentlyContinue[0m
[31;1m[0m[36;1m[36;1m[0m[36;1m[0m[36;1m     | [31;1m     ~~~~~~~~~~~~~~~~~~~~~~~~~~~~~~~~~~~~~~~~~~~~~~~~~~[0m
[31;1m[0m[36;1m[36;1m[0m[36;1m[0m[36;1m[31;1m[31;1m[36;1m     | [31;1mNo connection to disconnect[0m
[2025-09-09 16:50:03] [INFO] Disconnected from SharePoint
[2025-09-09 16:50:03] [INFO] ==================== PROCESSOR END ====================
[2025-09-09 16:55:01] [INFO] ==================== PROCESSOR START ====================
[2025-09-09 16:55:01] [INFO] WhatIf mode: False
[2025-09-09 16:55:01] [INFO] Connecting to SharePoint: https://saberrenewables.sharepoint.com/sites/SaberEPCPartners
[33;1mWARNING: Could not execute process. Command line: bash -c "cat /tmp/tmpsOP991.tmp | xsel -i --clipboard ".
Output: 

Error: xsel: Can't open display: (null)
: Inappropriate ioctl for device

[0m
[2025-09-09 16:55:02] [ERROR] Critical error: Unable to connect using provided arguments
[31;1mDisconnect-PnPOnline: [0m/home/marstack/saber_business_ops/scripts/process-epc.ps1:183[0m
[31;1m[0m[36;1mLine |[0m
[31;1m[0m[36;1m[36;1m 183 | [0m     [36;1mDisconnect-PnPOnline -ErrorAction SilentlyContinue[0m
[31;1m[0m[36;1m[36;1m[0m[36;1m[0m[36;1m     | [31;1m     ~~~~~~~~~~~~~~~~~~~~~~~~~~~~~~~~~~~~~~~~~~~~~~~~~~[0m
[31;1m[0m[36;1m[36;1m[0m[36;1m[0m[36;1m[31;1m[31;1m[36;1m     | [31;1mNo connection to disconnect[0m
[2025-09-09 16:55:02] [INFO] Disconnected from SharePoint
[2025-09-09 16:55:02] [INFO] ==================== PROCESSOR END ====================
/usr/bin/xdg-open: 882: www-browser: not found
/usr/bin/xdg-open: 882: links2: not found
/usr/bin/xdg-open: 882: elinks: not found
/usr/bin/xdg-open: 882: links: not found
/usr/bin/xdg-open: 882: lynx: not found
/usr/bin/xdg-open: 882: w3m: not found
xdg-open: no method available for opening 'https://login.microsoftonline.com/saberrenewables.onmicrosoft.com/oauth2/v2.0/authorize?scope=https://saberrenewables.sharepoint.com/.default openid profile offline_access&response_type=code&client_id=bbbfe394-7cff-4ac9-9e01-33cbf116b930&redirect_uri=http://localhost:42293&client-request-id=957abca7-5061-4623-b4f8-e38da68b5d9c&x-client-SKU=MSAL.NetCore&x-client-Ver=4.70.2.0&x-client-OS=Linux&prompt=select_account&code_challenge=lOUQoxFHPSRjHVGdY6j5ol2wztwnJbQoZ9jOUUFwxRA&code_challenge_method=S256&state=43d49b5b-44c2-414f-be70-787fc644753876b58788-d742-4c0f-97d6-5b8f375650e0&client_info=1&haschrome=1'
/usr/bin/xdg-open: 882: www-browser: not found
/usr/bin/xdg-open: 882: links2: not found
/usr/bin/xdg-open: 882: elinks: not found
/usr/bin/xdg-open: 882: links: not found
/usr/bin/xdg-open: 882: lynx: not found
/usr/bin/xdg-open: 882: w3m: not found
xdg-open: no method available for opening 'https://login.microsoftonline.com/saberrenewables.onmicrosoft.com/oauth2/v2.0/authorize?scope=https://saberrenewables.sharepoint.com/.default openid profile offline_access&response_type=code&client_id=bbbfe394-7cff-4ac9-9e01-33cbf116b930&redirect_uri=http://localhost:42177&client-request-id=4ec93e9b-703b-43b1-9ebb-1defca22acac&x-client-SKU=MSAL.NetCore&x-client-Ver=4.70.2.0&x-client-OS=Linux&prompt=select_account&code_challenge=-mi884FYtJRt6BXGVvhPDyKpxlCP5SsnInzuIwb5hnY&code_challenge_method=S256&state=4292d359-7981-429b-ac6b-53998cbc6a2afe272da2-c484-4572-8c81-1a48601e1807&client_info=1&haschrome=1'
/usr/bin/xdg-open: 882: www-browser: not found
/usr/bin/xdg-open: 882: links2: not found
/usr/bin/xdg-open: 882: elinks: not found
/usr/bin/xdg-open: 882: links: not found
/usr/bin/xdg-open: 882: lynx: not found
/usr/bin/xdg-open: 882: w3m: not found
xdg-open: no method available for opening 'https://login.microsoftonline.com/saberrenewables.onmicrosoft.com/oauth2/v2.0/authorize?scope=https://saberrenewables.sharepoint.com/.default openid profile offline_access&response_type=code&client_id=bbbfe394-7cff-4ac9-9e01-33cbf116b930&redirect_uri=http://localhost:42693&client-request-id=aa6d758d-a3a3-409a-a40c-f8c5ccc350ea&x-client-SKU=MSAL.NetCore&x-client-Ver=4.70.2.0&x-client-OS=Linux&prompt=select_account&code_challenge=ZA4RrJsLQ6Ck6XLUaa6BNDZX3jlaAGBdaZf3T_ah420&code_challenge_method=S256&state=a7c894fd-9834-4e2d-92f8-658198b18bbccbffb440-2859-4641-b41a-8514123257d9&client_info=1&haschrome=1'
/usr/bin/xdg-open: 882: www-browser: not found
/usr/bin/xdg-open: 882: links2: not found
/usr/bin/xdg-open: 882: elinks: not found
/usr/bin/xdg-open: 882: links: not found
/usr/bin/xdg-open: 882: lynx: not found
/usr/bin/xdg-open: 882: w3m: not found
xdg-open: no method available for opening 'https://login.microsoftonline.com/saberrenewables.onmicrosoft.com/oauth2/v2.0/authorize?scope=https://saberrenewables.sharepoint.com/.default openid profile offline_access&response_type=code&client_id=bbbfe394-7cff-4ac9-9e01-33cbf116b930&redirect_uri=http://localhost:46403&client-request-id=a2e57d1f-fd55-4caf-b9fb-3e68b3c7891f&x-client-SKU=MSAL.NetCore&x-client-Ver=4.70.2.0&x-client-OS=Linux&prompt=select_account&code_challenge=sydU9WwqOLcwqDEDy3aALWYbdPlJUslsZhpFG7PZ-5o&code_challenge_method=S256&state=3b204e04-3f9a-4477-b72e-c9da50d79c0772987850-9e60-41a7-b0a9-2e5bf13b646c&client_info=1&haschrome=1'
[Tue Sep  9 05:20:01 PM BST 2025] Starting automated processor...
[Tue Sep  9 05:25:01 PM BST 2025] Starting automated processor...
[Tue Sep  9 05:30:01 PM BST 2025] Starting automated processor...
[Tue Sep  9 05:35:01 PM BST 2025] Starting automated processor...
[Tue Sep  9 05:40:01 PM BST 2025] Starting Saber-PnP-Cli authenticated processor...
Using certificate authentication...
Connecting with Saber-PnP-Cli app (certificate)...
Successfully connected with Saber-PnP-Cli!
Found 20 SharePoint lists
[2025-09-09 17:40:05] [INFO] ==================== PROCESSOR START ====================
[2025-09-09 17:40:05] [INFO] WhatIf mode: False
[2025-09-09 17:40:05] [INFO] Connecting to SharePoint: https://saberrenewables.sharepoint.com/sites/SaberEPCPartners
[33;1mWARNING: Could not execute process. Command line: bash -c "cat /tmp/tmpAR6VXL.tmp | xsel -i --clipboard ".
Output: 

Error: xsel: Can't open display: (null)
: Inappropriate ioctl for device

[0m
[2025-09-09 17:40:05] [ERROR] Critical error: Unable to connect using provided arguments
[2025-09-09 17:40:05] [INFO] Disconnected from SharePoint
[2025-09-09 17:40:05] [INFO] ==================== PROCESSOR END ====================
[31;1mWrite-Error: [0m
[31;1m[36;1mLine |[0m
[31;1m[36;1m[36;1m  21 | [0m         [36;1mWrite-Error "Saber-PnP-Cli auth failed: $_"[0m
[31;1m[36;1m[36;1m[0m[36;1m[0m[36;1m     | [31;1m         ~~~~~~~~~~~~~~~~~~~~~~~~~~~~~~~~~~~~~~~~~~~[0m
[31;1m[36;1m[36;1m[0m[36;1m[0m[36;1m[31;1m[31;1m[36;1m     | [31;1mSaber-PnP-Cli auth failed: No connection to disconnect[0m
[Tue Sep  9 05:40:05 PM BST 2025] Success - Saber-PnP-Cli authentication worked!

Next step: Update cron job to use this script
crontab -e
*/5 * * * * /home/marstack/run-processor-saber.sh >> /home/marstack/saber_business_ops/logs/epc_processor.log 2>&1
[Tue Sep  9 05:45:01 PM BST 2025] Starting Saber-PnP-Cli authenticated processor...
Using certificate authentication...
Connecting with Saber-PnP-Cli app (certificate)...
Successfully connected with Saber-PnP-Cli!
Found 20 SharePoint lists
[2025-09-09 17:45:03] [INFO] ==================== PROCESSOR START ====================
[2025-09-09 17:45:03] [INFO] WhatIf mode: False
[2025-09-09 17:45:03] [INFO] Connecting to SharePoint: https://saberrenewables.sharepoint.com/sites/SaberEPCPartners
[33;1mWARNING: Could not execute process. Command line: bash -c "cat /tmp/tmpjDwhja.tmp | xsel -i --clipboard ".
Output: 

Error: xsel: Can't open display: (null)
: Inappropriate ioctl for device

[0m
[2025-09-09 17:45:03] [ERROR] Critical error: Unable to connect using provided arguments
[2025-09-09 17:45:03] [INFO] Disconnected from SharePoint
[2025-09-09 17:45:03] [INFO] ==================== PROCESSOR END ====================
[31;1mWrite-Error: [0m
[31;1m[36;1mLine |[0m
[31;1m[36;1m[36;1m  21 | [0m         [36;1mWrite-Error "Saber-PnP-Cli auth failed: $_"[0m
[31;1m[36;1m[36;1m[0m[36;1m[0m[36;1m     | [31;1m         ~~~~~~~~~~~~~~~~~~~~~~~~~~~~~~~~~~~~~~~~~~~[0m
[31;1m[36;1m[36;1m[0m[36;1m[0m[36;1m[31;1m[31;1m[36;1m     | [31;1mSaber-PnP-Cli auth failed: No connection to disconnect[0m
[Tue Sep  9 05:45:03 PM BST 2025] Success - Saber-PnP-Cli authentication worked!

Next step: Update cron job to use this script
crontab -e
*/5 * * * * /home/marstack/run-processor-saber.sh >> /home/marstack/saber_business_ops/logs/epc_processor.log 2>&1
[Tue Sep  9 05:50:01 PM BST 2025] Starting Saber-PnP-Cli authenticated processor...
Using certificate authentication...
Connecting with Saber-PnP-Cli app (certificate)...
Successfully connected with Saber-PnP-Cli!
Found 20 SharePoint lists
[2025-09-09 17:50:03] [INFO] ==================== PROCESSOR START ====================
[2025-09-09 17:50:03] [INFO] WhatIf mode: False
[2025-09-09 17:50:03] [INFO] Connecting to SharePoint: https://saberrenewables.sharepoint.com/sites/SaberEPCPartners
[33;1mWARNING: Could not execute process. Command line: bash -c "cat /tmp/tmpJkzaDy.tmp | xsel -i --clipboard ".
Output: 

Error: xsel: Can't open display: (null)
: Inappropriate ioctl for device

[0m
[2025-09-09 17:50:03] [ERROR] Critical error: Unable to connect using provided arguments
[2025-09-09 17:50:03] [INFO] Disconnected from SharePoint
[2025-09-09 17:50:03] [INFO] ==================== PROCESSOR END ====================
[31;1mWrite-Error: [0m
[31;1m[36;1mLine |[0m
[31;1m[36;1m[36;1m  21 | [0m         [36;1mWrite-Error "Saber-PnP-Cli auth failed: $_"[0m
[31;1m[36;1m[36;1m[0m[36;1m[0m[36;1m     | [31;1m         ~~~~~~~~~~~~~~~~~~~~~~~~~~~~~~~~~~~~~~~~~~~[0m
[31;1m[36;1m[36;1m[0m[36;1m[0m[36;1m[31;1m[31;1m[36;1m     | [31;1mSaber-PnP-Cli auth failed: No connection to disconnect[0m
[Tue Sep  9 05:50:03 PM BST 2025] Success - Saber-PnP-Cli authentication worked!

Next step: Update cron job to use this script
crontab -e
*/5 * * * * /home/marstack/run-processor-saber.sh >> /home/marstack/saber_business_ops/logs/epc_processor.log 2>&1
[Tue Sep  9 05:55:01 PM BST 2025] Starting Saber-PnP-Cli authenticated processor...
Using certificate authentication...
Connecting with Saber-PnP-Cli app (certificate)...
Successfully connected with Saber-PnP-Cli!
Found 20 SharePoint lists
[2025-09-09 17:55:04] [INFO] ==================== PROCESSOR START ====================
[2025-09-09 17:55:04] [INFO] WhatIf mode: False
[2025-09-09 17:55:04] [INFO] Connecting to SharePoint: https://saberrenewables.sharepoint.com/sites/SaberEPCPartners
[33;1mWARNING: Could not execute process. Command line: bash -c "cat /tmp/tmpV5bKcp.tmp | xsel -i --clipboard ".
Output: 

Error: xsel: Can't open display: (null)
: Inappropriate ioctl for device

[0m
[2025-09-09 17:55:04] [ERROR] Critical error: Unable to connect using provided arguments
[2025-09-09 17:55:04] [INFO] Disconnected from SharePoint
[2025-09-09 17:55:04] [INFO] ==================== PROCESSOR END ====================
[31;1mWrite-Error: [0m
[31;1m[36;1mLine |[0m
[31;1m[36;1m[36;1m  21 | [0m         [36;1mWrite-Error "Saber-PnP-Cli auth failed: $_"[0m
[31;1m[36;1m[36;1m[0m[36;1m[0m[36;1m     | [31;1m         ~~~~~~~~~~~~~~~~~~~~~~~~~~~~~~~~~~~~~~~~~~~[0m
[31;1m[36;1m[36;1m[0m[36;1m[0m[36;1m[31;1m[31;1m[36;1m     | [31;1mSaber-PnP-Cli auth failed: No connection to disconnect[0m
[Tue Sep  9 05:55:04 PM BST 2025] Success - Saber-PnP-Cli authentication worked!

Next step: Update cron job to use this script
crontab -e
*/5 * * * * /home/marstack/run-processor-saber.sh >> /home/marstack/saber_business_ops/logs/epc_processor.log 2>&1
[Tue Sep  9 06:00:01 PM BST 2025] Starting Saber-PnP-Cli authenticated processor...
Using certificate authentication...
Connecting with Saber-PnP-Cli app (certificate)...
Successfully connected with Saber-PnP-Cli!
Found 20 SharePoint lists
[2025-09-09 18:00:03] [INFO] ==================== PROCESSOR START ====================
[2025-09-09 18:00:03] [INFO] WhatIf mode: False
[2025-09-09 18:00:03] [INFO] Connecting to SharePoint: https://saberrenewables.sharepoint.com/sites/SaberEPCPartners
[33;1mWARNING: Could not execute process. Command line: bash -c "cat /tmp/tmpPcv7Zy.tmp | xsel -i --clipboard ".
Output: 

Error: xsel: Can't open display: (null)
: Inappropriate ioctl for device

[0m
[2025-09-09 18:00:03] [ERROR] Critical error: Unable to connect using provided arguments
[2025-09-09 18:00:03] [INFO] Disconnected from SharePoint
[2025-09-09 18:00:03] [INFO] ==================== PROCESSOR END ====================
[31;1mWrite-Error: [0m
[31;1m[36;1mLine |[0m
[31;1m[36;1m[36;1m  21 | [0m         [36;1mWrite-Error "Saber-PnP-Cli auth failed: $_"[0m
[31;1m[36;1m[36;1m[0m[36;1m[0m[36;1m     | [31;1m         ~~~~~~~~~~~~~~~~~~~~~~~~~~~~~~~~~~~~~~~~~~~[0m
[31;1m[36;1m[36;1m[0m[36;1m[0m[36;1m[31;1m[31;1m[36;1m     | [31;1mSaber-PnP-Cli auth failed: No connection to disconnect[0m
[Tue Sep  9 06:00:03 PM BST 2025] Success - Saber-PnP-Cli authentication worked!

Next step: Update cron job to use this script
crontab -e
*/5 * * * * /home/marstack/run-processor-saber.sh >> /home/marstack/saber_business_ops/logs/epc_processor.log 2>&1
[Tue Sep  9 06:05:01 PM BST 2025] Starting Saber-PnP-Cli authenticated processor...
Using certificate authentication...
Connecting with Saber-PnP-Cli app (certificate)...
Successfully connected with Saber-PnP-Cli!
Found 20 SharePoint lists
[2025-09-09 18:05:03] [INFO] ==================== PROCESSOR START ====================
[2025-09-09 18:05:03] [INFO] WhatIf mode: False
[2025-09-09 18:05:03] [INFO] Connecting to SharePoint: https://saberrenewables.sharepoint.com/sites/SaberEPCPartners
[33;1mWARNING: Could not execute process. Command line: bash -c "cat /tmp/tmpNxcizc.tmp | xsel -i --clipboard ".
Output: 

Error: xsel: Can't open display: (null)
: Inappropriate ioctl for device

[0m
[2025-09-09 18:05:03] [ERROR] Critical error: Unable to connect using provided arguments
[2025-09-09 18:05:03] [INFO] Disconnected from SharePoint
[2025-09-09 18:05:03] [INFO] ==================== PROCESSOR END ====================
[31;1mWrite-Error: [0m
[31;1m[36;1mLine |[0m
[31;1m[36;1m[36;1m  21 | [0m         [36;1mWrite-Error "Saber-PnP-Cli auth failed: $_"[0m
[31;1m[36;1m[36;1m[0m[36;1m[0m[36;1m     | [31;1m         ~~~~~~~~~~~~~~~~~~~~~~~~~~~~~~~~~~~~~~~~~~~[0m
[31;1m[36;1m[36;1m[0m[36;1m[0m[36;1m[31;1m[31;1m[36;1m     | [31;1mSaber-PnP-Cli auth failed: No connection to disconnect[0m
[Tue Sep  9 06:05:03 PM BST 2025] Success - Saber-PnP-Cli authentication worked!

Next step: Update cron job to use this script
crontab -e
*/5 * * * * /home/marstack/run-processor-saber.sh >> /home/marstack/saber_business_ops/logs/epc_processor.log 2>&1
[Tue Sep  9 06:10:01 PM BST 2025] Starting Saber-PnP-Cli authenticated processor...
Using certificate authentication...
Connecting with Saber-PnP-Cli app (certificate)...
Successfully connected with Saber-PnP-Cli!
Found 20 SharePoint lists
[2025-09-09 18:10:03] [INFO] ==================== PROCESSOR START ====================
[2025-09-09 18:10:03] [INFO] WhatIf mode: False
[2025-09-09 18:10:03] [INFO] Connecting to SharePoint: https://saberrenewables.sharepoint.com/sites/SaberEPCPartners
[33;1mWARNING: Could not execute process. Command line: bash -c "cat /tmp/tmpLxvdWW.tmp | xsel -i --clipboard ".
Output: 

Error: xsel: Can't open display: (null)
: Inappropriate ioctl for device

[0m
[2025-09-09 18:10:03] [ERROR] Critical error: Unable to connect using provided arguments
[2025-09-09 18:10:03] [INFO] Disconnected from SharePoint
[2025-09-09 18:10:03] [INFO] ==================== PROCESSOR END ====================
[31;1mWrite-Error: [0m
[31;1m[36;1mLine |[0m
[31;1m[36;1m[36;1m  21 | [0m         [36;1mWrite-Error "Saber-PnP-Cli auth failed: $_"[0m
[31;1m[36;1m[36;1m[0m[36;1m[0m[36;1m     | [31;1m         ~~~~~~~~~~~~~~~~~~~~~~~~~~~~~~~~~~~~~~~~~~~[0m
[31;1m[36;1m[36;1m[0m[36;1m[0m[36;1m[31;1m[31;1m[36;1m     | [31;1mSaber-PnP-Cli auth failed: No connection to disconnect[0m
[Tue Sep  9 06:10:04 PM BST 2025] Success - Saber-PnP-Cli authentication worked!

Next step: Update cron job to use this script
crontab -e
*/5 * * * * /home/marstack/run-processor-saber.sh >> /home/marstack/saber_business_ops/logs/epc_processor.log 2>&1
